2020-12-17 13:34:56.609  INFO 565991 --- [main] c.bestgo.helloboot.HellobootApplication  : Starting HellobootApplication using Java 11.0.9.1 on baechul-hp-ubuntu-20-4 with PID 565991 (/home/baechul/IdeaProjects/hello-boot/target/classes started by baechul in /home/baechul/IdeaProjects/hello-boot)
2020-12-17 13:34:56.611  INFO 565991 --- [main] c.bestgo.helloboot.HellobootApplication  : No active profile set, falling back to default profiles: default
2020-12-17 13:34:57.977  INFO 565991 --- [main] o.s.b.w.embedded.tomcat.TomcatWebServer  : Tomcat initialized with port(s): 8080 (http)
2020-12-17 13:34:57.994  INFO 565991 --- [main] o.apache.catalina.core.StandardService   : Starting service [Tomcat]
2020-12-17 13:34:57.995  INFO 565991 --- [main] org.apache.catalina.core.StandardEngine  : Starting Servlet engine: [Apache Tomcat/9.0.41]
2020-12-17 13:34:58.085  INFO 565991 --- [main] o.a.c.c.C.[Tomcat].[localhost].[/]       : Initializing Spring embedded WebApplicationContext
2020-12-17 13:34:58.085  INFO 565991 --- [main] w.s.c.ServletWebServerApplicationContext : Root WebApplicationContext: initialization completed in 1425 ms
2020-12-17 13:34:58.484  INFO 565991 --- [main] o.f.c.internal.license.VersionPrinter    : Flyway Community Edition 7.3.1 by Redgate
2020-12-17 13:34:58.490  INFO 565991 --- [main] com.zaxxer.hikari.HikariDataSource       : HikariPool-1 - Starting...
2020-12-17 13:34:58.595  INFO 565991 --- [main] com.zaxxer.hikari.HikariDataSource       : HikariPool-1 - Start completed.
2020-12-17 13:34:58.624  INFO 565991 --- [main] o.f.c.i.database.base.DatabaseType       : Database: jdbc:postgresql://localhost:5432/postgres (PostgreSQL 13.1)
2020-12-17 13:34:58.663  INFO 565991 --- [main] o.f.core.internal.command.DbValidate     : Successfully validated 2 migrations (execution time 00:00.018s)
2020-12-17 13:34:58.696  INFO 565991 --- [main] o.f.core.internal.command.DbMigrate      : Current version of schema "public": 2
2020-12-17 13:34:58.698  INFO 565991 --- [main] o.f.core.internal.command.DbMigrate      : Schema "public" is up to date. No migration necessary.
2020-12-17 13:34:58.921  INFO 565991 --- [main] o.s.s.concurrent.ThreadPoolTaskExecutor  : Initializing ExecutorService 'applicationTaskExecutor'
2020-12-17 13:34:59.181  INFO 565991 --- [main] o.s.b.a.e.web.EndpointLinksResolver      : Exposing 2 endpoint(s) beneath base path '/actuator'
2020-12-17 13:34:59.225  INFO 565991 --- [main] o.s.b.w.embedded.tomcat.TomcatWebServer  : Tomcat started on port(s): 8080 (http) with context path ''
2020-12-17 13:34:59.246  INFO 565991 --- [main] c.bestgo.helloboot.HellobootApplication  : Started HellobootApplication in 13.186 seconds (JVM running for 13.583)
2020-12-17 13:35:03.331  INFO 565991 --- [http-nio-8080-exec-1] o.a.c.c.C.[Tomcat].[localhost].[/]       : Initializing Spring DispatcherServlet 'dispatcherServlet'
2020-12-17 13:35:03.332  INFO 565991 --- [http-nio-8080-exec-1] o.s.web.servlet.DispatcherServlet        : Initializing Servlet 'dispatcherServlet'
2020-12-17 13:35:03.333  INFO 565991 --- [http-nio-8080-exec-1] o.s.web.servlet.DispatcherServlet        : Completed initialization in 1 ms
2020-12-17 13:35:22.022  INFO 565991 --- [SpringContextShutdownHook] o.s.s.concurrent.ThreadPoolTaskExecutor  : Shutting down ExecutorService 'applicationTaskExecutor'
2020-12-17 13:35:22.024  INFO 565991 --- [SpringContextShutdownHook] com.zaxxer.hikari.HikariDataSource       : HikariPool-1 - Shutdown initiated...
2020-12-17 13:35:22.037  INFO 565991 --- [SpringContextShutdownHook] com.zaxxer.hikari.HikariDataSource       : HikariPool-1 - Shutdown completed.
